<?xml version="1.0" encoding="UTF-8"?>
<Site BuildName="(empty)"
	BuildStamp="20230824-1256-Experimental"
	Name="DESKTOP-5CRJRLH"
	Generator="ctest-3.16.3"
	CompilerName="/usr/bin/g++"
	CompilerVersion="9.4.0"
	OSName="Linux"
	Hostname="DESKTOP-5CRJRLH"
	OSRelease="5.15.90.1-microsoft-standard-WSL2"
	OSVersion="#1 SMP Fri Jan 27 02:56:13 UTC 2023"
	OSPlatform="x86_64"
	Is64Bits="1"
	VendorString="GenuineIntel"
	VendorID="Intel Corporation"
	FamilyID="6"
	ModelID="142"
	ProcessorCacheSize="6144"
	NumberOfLogicalCPU="8"
	NumberOfPhysicalCPU="4"
	TotalVirtualMemory="1024"
	TotalPhysicalMemory="3859"
	LogicalProcessorsPerPhysical="2"
	ProcessorClockFrequency="1800.01"
	>
	<Testing>
		<StartDateTime>Aug 24 15:11 CEST</StartDateTime>
		<StartTestTime>1692882719</StartTestTime>
		<TestList/>
		<EndDateTime>Aug 24 15:11 CEST</EndDateTime>
		<EndTestTime>1692882719</EndTestTime>
		<ElapsedMinutes>0</ElapsedMinutes>
	</Testing>
</Site>
